C:\USERS\ADMIN\DOCUMENTS\EDUCATION\MAIA-ITALIA\ADVANCEDIMAGEANALYSIS\PROJECTS\UTILS\UCAS\UCASUTILS.DIR\DEBUG\UCASMULTITHREADING.OBJ
C:\USERS\ADMIN\DOCUMENTS\EDUCATION\MAIA-ITALIA\ADVANCEDIMAGEANALYSIS\PROJECTS\UTILS\UCAS\UCASUTILS.DIR\DEBUG\UCASIMAGEUTILS.OBJ
C:\USERS\ADMIN\DOCUMENTS\EDUCATION\MAIA-ITALIA\ADVANCEDIMAGEANALYSIS\PROJECTS\UTILS\UCAS\UCASUTILS.DIR\DEBUG\UCASCONFIG.OBJ
C:\USERS\ADMIN\DOCUMENTS\EDUCATION\MAIA-ITALIA\ADVANCEDIMAGEANALYSIS\PROJECTS\UTILS\UCAS\UCASUTILS.DIR\DEBUG\UCASBREASTUTILS.OBJ
C:\USERS\ADMIN\DOCUMENTS\EDUCATION\MAIA-ITALIA\ADVANCEDIMAGEANALYSIS\PROJECTS\UTILS\UCAS\CMAKEFILES\GENERATE.STAMP
C:\USERS\ADMIN\DOCUMENTS\EDUCATION\MAIA-ITALIA\ADVANCEDIMAGEANALYSIS\PROJECTS\LIBS\DEBUG\UCASUTILS.LIB
C:\Users\Admin\Documents\Education\MAIA-Italia\AdvancedImageAnalysis\Projects\utils\ucas\ucasUtils.dir\Debug\ucasBreastUtils.obj
C:\Users\Admin\Documents\Education\MAIA-Italia\AdvancedImageAnalysis\Projects\utils\ucas\ucasUtils.dir\Debug\ucasConfig.obj
C:\Users\Admin\Documents\Education\MAIA-Italia\AdvancedImageAnalysis\Projects\utils\ucas\ucasUtils.dir\Debug\ucasImageUtils.obj
C:\Users\Admin\Documents\Education\MAIA-Italia\AdvancedImageAnalysis\Projects\utils\ucas\ucasUtils.dir\Debug\ucasMultithreading.obj
C:\Users\Admin\Documents\Education\MAIA-Italia\AdvancedImageAnalysis\Projects\utils\ucas\ucasUtils.dir\Debug\cl.command.1.tlog
C:\Users\Admin\Documents\Education\MAIA-Italia\AdvancedImageAnalysis\Projects\utils\ucas\ucasUtils.dir\Debug\CL.read.1.tlog
C:\Users\Admin\Documents\Education\MAIA-Italia\AdvancedImageAnalysis\Projects\utils\ucas\ucasUtils.dir\Debug\CL.write.1.tlog
C:\Users\Admin\Documents\Education\MAIA-Italia\AdvancedImageAnalysis\Projects\utils\ucas\ucasUtils.dir\Debug\custombuild.command.1.tlog
C:\Users\Admin\Documents\Education\MAIA-Italia\AdvancedImageAnalysis\Projects\utils\ucas\ucasUtils.dir\Debug\custombuild.read.1.tlog
C:\Users\Admin\Documents\Education\MAIA-Italia\AdvancedImageAnalysis\Projects\utils\ucas\ucasUtils.dir\Debug\custombuild.write.1.tlog
C:\Users\Admin\Documents\Education\MAIA-Italia\AdvancedImageAnalysis\Projects\utils\ucas\ucasUtils.dir\Debug\Lib-link.read.1.tlog
C:\Users\Admin\Documents\Education\MAIA-Italia\AdvancedImageAnalysis\Projects\utils\ucas\ucasUtils.dir\Debug\Lib-link.write.1.tlog
C:\Users\Admin\Documents\Education\MAIA-Italia\AdvancedImageAnalysis\Projects\utils\ucas\ucasUtils.dir\Debug\lib.command.1.tlog
C:\Users\Admin\Documents\Education\MAIA-Italia\AdvancedImageAnalysis\Projects\libs\Debug\ucasUtils.lib
