C:\USERS\ADMIN\DOCUMENTS\EDUCATION\MAIA-ITALIA\ADVANCEDIMAGEANALYSIS\PROJECTS\PROJECT2\PROJECT2.DIR\RELEASE\MAIN.OBJ
C:\USERS\ADMIN\DOCUMENTS\EDUCATION\MAIA-ITALIA\ADVANCEDIMAGEANALYSIS\PROJECTS\PROJECT2\PROJECT2.DIR\RELEASE\FUNCTIONS.OBJ
C:\USERS\ADMIN\DOCUMENTS\EDUCATION\MAIA-ITALIA\ADVANCEDIMAGEANALYSIS\PROJECTS\PROJECT2\PROJECT2.DIR\RELEASE\WALL_MARKER.OBJ
C:\USERS\ADMIN\DOCUMENTS\EDUCATION\MAIA-ITALIA\ADVANCEDIMAGEANALYSIS\PROJECTS\PROJECT2\PROJECT2.DIR\RELEASE\TINYXMLPARSER.OBJ
C:\USERS\ADMIN\DOCUMENTS\EDUCATION\MAIA-ITALIA\ADVANCEDIMAGEANALYSIS\PROJECTS\PROJECT2\PROJECT2.DIR\RELEASE\TINYXMLERROR.OBJ
C:\USERS\ADMIN\DOCUMENTS\EDUCATION\MAIA-ITALIA\ADVANCEDIMAGEANALYSIS\PROJECTS\PROJECT2\PROJECT2.DIR\RELEASE\TINYXML.OBJ
C:\USERS\ADMIN\DOCUMENTS\EDUCATION\MAIA-ITALIA\ADVANCEDIMAGEANALYSIS\PROJECTS\PROJECT2\PROJECT2.DIR\RELEASE\TINYSTR.OBJ
C:\USERS\ADMIN\DOCUMENTS\EDUCATION\MAIA-ITALIA\ADVANCEDIMAGEANALYSIS\PROJECTS\PROJECT2\PROJECT2.DIR\RELEASE\IMAGE_MANAGEMENT.OBJ
C:\USERS\ADMIN\DOCUMENTS\EDUCATION\MAIA-ITALIA\ADVANCEDIMAGEANALYSIS\PROJECTS\PROJECT2\PROJECT2.DIR\RELEASE\BEZIER_CURVE.OBJ
C:\USERS\ADMIN\DOCUMENTS\EDUCATION\MAIA-ITALIA\ADVANCEDIMAGEANALYSIS\PROJECTS\PROJECT2\CMAKEFILES\GENERATE.STAMP
C:\USERS\ADMIN\DOCUMENTS\EDUCATION\MAIA-ITALIA\ADVANCEDIMAGEANALYSIS\PROJECTS\BIN\RELEASE\PROJECT2.ILK
C:\USERS\ADMIN\DOCUMENTS\EDUCATION\MAIA-ITALIA\ADVANCEDIMAGEANALYSIS\PROJECTS\BIN\RELEASE\PROJECT2.EXE
C:\Users\Admin\Documents\Education\MAIA-Italia\AdvancedImageAnalysis\Projects\project2\project2.dir\Release\project2.vcxprojResolveAssemblyReference.cache
C:\Users\Admin\Documents\Education\MAIA-Italia\AdvancedImageAnalysis\Projects\project2\project2.dir\Release\bezier_curve.obj
C:\Users\Admin\Documents\Education\MAIA-Italia\AdvancedImageAnalysis\Projects\project2\project2.dir\Release\functions.obj
C:\Users\Admin\Documents\Education\MAIA-Italia\AdvancedImageAnalysis\Projects\project2\project2.dir\Release\image_management.obj
C:\Users\Admin\Documents\Education\MAIA-Italia\AdvancedImageAnalysis\Projects\project2\project2.dir\Release\main.obj
C:\Users\Admin\Documents\Education\MAIA-Italia\AdvancedImageAnalysis\Projects\project2\project2.dir\Release\tinystr.obj
C:\Users\Admin\Documents\Education\MAIA-Italia\AdvancedImageAnalysis\Projects\project2\project2.dir\Release\tinyxml.obj
C:\Users\Admin\Documents\Education\MAIA-Italia\AdvancedImageAnalysis\Projects\project2\project2.dir\Release\tinyxmlerror.obj
C:\Users\Admin\Documents\Education\MAIA-Italia\AdvancedImageAnalysis\Projects\project2\project2.dir\Release\tinyxmlparser.obj
C:\Users\Admin\Documents\Education\MAIA-Italia\AdvancedImageAnalysis\Projects\project2\project2.dir\Release\wall_marker.obj
C:\Users\Admin\Documents\Education\MAIA-Italia\AdvancedImageAnalysis\Projects\project2\project2.dir\Release\cl.command.1.tlog
C:\Users\Admin\Documents\Education\MAIA-Italia\AdvancedImageAnalysis\Projects\project2\project2.dir\Release\CL.read.1.tlog
C:\Users\Admin\Documents\Education\MAIA-Italia\AdvancedImageAnalysis\Projects\project2\project2.dir\Release\CL.write.1.tlog
C:\Users\Admin\Documents\Education\MAIA-Italia\AdvancedImageAnalysis\Projects\project2\project2.dir\Release\custombuild.command.1.tlog
C:\Users\Admin\Documents\Education\MAIA-Italia\AdvancedImageAnalysis\Projects\project2\project2.dir\Release\custombuild.read.1.tlog
C:\Users\Admin\Documents\Education\MAIA-Italia\AdvancedImageAnalysis\Projects\project2\project2.dir\Release\custombuild.write.1.tlog
C:\Users\Admin\Documents\Education\MAIA-Italia\AdvancedImageAnalysis\Projects\project2\project2.dir\Release\link-cvtres.read.1.tlog
C:\Users\Admin\Documents\Education\MAIA-Italia\AdvancedImageAnalysis\Projects\project2\project2.dir\Release\link-cvtres.write.1.tlog
C:\Users\Admin\Documents\Education\MAIA-Italia\AdvancedImageAnalysis\Projects\project2\project2.dir\Release\link-rc.read.1.tlog
C:\Users\Admin\Documents\Education\MAIA-Italia\AdvancedImageAnalysis\Projects\project2\project2.dir\Release\link-rc.write.1.tlog
C:\Users\Admin\Documents\Education\MAIA-Italia\AdvancedImageAnalysis\Projects\project2\project2.dir\Release\link.10300-cvtres.read.1.tlog
C:\Users\Admin\Documents\Education\MAIA-Italia\AdvancedImageAnalysis\Projects\project2\project2.dir\Release\link.10300-cvtres.write.1.tlog
C:\Users\Admin\Documents\Education\MAIA-Italia\AdvancedImageAnalysis\Projects\project2\project2.dir\Release\link.10300-rc.read.1.tlog
C:\Users\Admin\Documents\Education\MAIA-Italia\AdvancedImageAnalysis\Projects\project2\project2.dir\Release\link.10300-rc.write.1.tlog
C:\Users\Admin\Documents\Education\MAIA-Italia\AdvancedImageAnalysis\Projects\project2\project2.dir\Release\link.10300.read.1.tlog
C:\Users\Admin\Documents\Education\MAIA-Italia\AdvancedImageAnalysis\Projects\project2\project2.dir\Release\link.10300.write.1.tlog
C:\Users\Admin\Documents\Education\MAIA-Italia\AdvancedImageAnalysis\Projects\project2\project2.dir\Release\link.11548-cvtres.read.1.tlog
C:\Users\Admin\Documents\Education\MAIA-Italia\AdvancedImageAnalysis\Projects\project2\project2.dir\Release\link.11548-cvtres.write.1.tlog
C:\Users\Admin\Documents\Education\MAIA-Italia\AdvancedImageAnalysis\Projects\project2\project2.dir\Release\link.11548-rc.read.1.tlog
C:\Users\Admin\Documents\Education\MAIA-Italia\AdvancedImageAnalysis\Projects\project2\project2.dir\Release\link.11548-rc.write.1.tlog
C:\Users\Admin\Documents\Education\MAIA-Italia\AdvancedImageAnalysis\Projects\project2\project2.dir\Release\link.11548.read.1.tlog
C:\Users\Admin\Documents\Education\MAIA-Italia\AdvancedImageAnalysis\Projects\project2\project2.dir\Release\link.11548.write.1.tlog
C:\Users\Admin\Documents\Education\MAIA-Italia\AdvancedImageAnalysis\Projects\project2\project2.dir\Release\link.14204-cvtres.read.1.tlog
C:\Users\Admin\Documents\Education\MAIA-Italia\AdvancedImageAnalysis\Projects\project2\project2.dir\Release\link.14204-cvtres.write.1.tlog
C:\Users\Admin\Documents\Education\MAIA-Italia\AdvancedImageAnalysis\Projects\project2\project2.dir\Release\link.14204-rc.read.1.tlog
C:\Users\Admin\Documents\Education\MAIA-Italia\AdvancedImageAnalysis\Projects\project2\project2.dir\Release\link.14204-rc.write.1.tlog
C:\Users\Admin\Documents\Education\MAIA-Italia\AdvancedImageAnalysis\Projects\project2\project2.dir\Release\link.14204.read.1.tlog
C:\Users\Admin\Documents\Education\MAIA-Italia\AdvancedImageAnalysis\Projects\project2\project2.dir\Release\link.14204.write.1.tlog
C:\Users\Admin\Documents\Education\MAIA-Italia\AdvancedImageAnalysis\Projects\project2\project2.dir\Release\link.15220-cvtres.read.1.tlog
C:\Users\Admin\Documents\Education\MAIA-Italia\AdvancedImageAnalysis\Projects\project2\project2.dir\Release\link.15220-cvtres.write.1.tlog
C:\Users\Admin\Documents\Education\MAIA-Italia\AdvancedImageAnalysis\Projects\project2\project2.dir\Release\link.15220-rc.read.1.tlog
C:\Users\Admin\Documents\Education\MAIA-Italia\AdvancedImageAnalysis\Projects\project2\project2.dir\Release\link.15220-rc.write.1.tlog
C:\Users\Admin\Documents\Education\MAIA-Italia\AdvancedImageAnalysis\Projects\project2\project2.dir\Release\link.15220.read.1.tlog
C:\Users\Admin\Documents\Education\MAIA-Italia\AdvancedImageAnalysis\Projects\project2\project2.dir\Release\link.15220.write.1.tlog
C:\Users\Admin\Documents\Education\MAIA-Italia\AdvancedImageAnalysis\Projects\project2\project2.dir\Release\link.4860-cvtres.read.1.tlog
C:\Users\Admin\Documents\Education\MAIA-Italia\AdvancedImageAnalysis\Projects\project2\project2.dir\Release\link.4860-cvtres.write.1.tlog
C:\Users\Admin\Documents\Education\MAIA-Italia\AdvancedImageAnalysis\Projects\project2\project2.dir\Release\link.4860-rc.read.1.tlog
C:\Users\Admin\Documents\Education\MAIA-Italia\AdvancedImageAnalysis\Projects\project2\project2.dir\Release\link.4860-rc.write.1.tlog
C:\Users\Admin\Documents\Education\MAIA-Italia\AdvancedImageAnalysis\Projects\project2\project2.dir\Release\link.4860.read.1.tlog
C:\Users\Admin\Documents\Education\MAIA-Italia\AdvancedImageAnalysis\Projects\project2\project2.dir\Release\link.4860.write.1.tlog
C:\Users\Admin\Documents\Education\MAIA-Italia\AdvancedImageAnalysis\Projects\project2\project2.dir\Release\link.7000-cvtres.read.1.tlog
C:\Users\Admin\Documents\Education\MAIA-Italia\AdvancedImageAnalysis\Projects\project2\project2.dir\Release\link.7000-cvtres.write.1.tlog
C:\Users\Admin\Documents\Education\MAIA-Italia\AdvancedImageAnalysis\Projects\project2\project2.dir\Release\link.7000-rc.read.1.tlog
C:\Users\Admin\Documents\Education\MAIA-Italia\AdvancedImageAnalysis\Projects\project2\project2.dir\Release\link.7000-rc.write.1.tlog
C:\Users\Admin\Documents\Education\MAIA-Italia\AdvancedImageAnalysis\Projects\project2\project2.dir\Release\link.7000.read.1.tlog
C:\Users\Admin\Documents\Education\MAIA-Italia\AdvancedImageAnalysis\Projects\project2\project2.dir\Release\link.7000.write.1.tlog
C:\Users\Admin\Documents\Education\MAIA-Italia\AdvancedImageAnalysis\Projects\project2\project2.dir\Release\link.9504-cvtres.read.1.tlog
C:\Users\Admin\Documents\Education\MAIA-Italia\AdvancedImageAnalysis\Projects\project2\project2.dir\Release\link.9504-cvtres.write.1.tlog
C:\Users\Admin\Documents\Education\MAIA-Italia\AdvancedImageAnalysis\Projects\project2\project2.dir\Release\link.9504-rc.read.1.tlog
C:\Users\Admin\Documents\Education\MAIA-Italia\AdvancedImageAnalysis\Projects\project2\project2.dir\Release\link.9504-rc.write.1.tlog
C:\Users\Admin\Documents\Education\MAIA-Italia\AdvancedImageAnalysis\Projects\project2\project2.dir\Release\link.9504.read.1.tlog
C:\Users\Admin\Documents\Education\MAIA-Italia\AdvancedImageAnalysis\Projects\project2\project2.dir\Release\link.9504.write.1.tlog
C:\Users\Admin\Documents\Education\MAIA-Italia\AdvancedImageAnalysis\Projects\project2\project2.dir\Release\link.9888-cvtres.read.1.tlog
C:\Users\Admin\Documents\Education\MAIA-Italia\AdvancedImageAnalysis\Projects\project2\project2.dir\Release\link.9888-cvtres.write.1.tlog
C:\Users\Admin\Documents\Education\MAIA-Italia\AdvancedImageAnalysis\Projects\project2\project2.dir\Release\link.9888-rc.read.1.tlog
C:\Users\Admin\Documents\Education\MAIA-Italia\AdvancedImageAnalysis\Projects\project2\project2.dir\Release\link.9888-rc.write.1.tlog
C:\Users\Admin\Documents\Education\MAIA-Italia\AdvancedImageAnalysis\Projects\project2\project2.dir\Release\link.9888.read.1.tlog
C:\Users\Admin\Documents\Education\MAIA-Italia\AdvancedImageAnalysis\Projects\project2\project2.dir\Release\link.9888.write.1.tlog
C:\Users\Admin\Documents\Education\MAIA-Italia\AdvancedImageAnalysis\Projects\project2\project2.dir\Release\link.command.1.tlog
C:\Users\Admin\Documents\Education\MAIA-Italia\AdvancedImageAnalysis\Projects\project2\project2.dir\Release\link.read.1.tlog
C:\Users\Admin\Documents\Education\MAIA-Italia\AdvancedImageAnalysis\Projects\project2\project2.dir\Release\link.write.1.tlog
C:\Users\Admin\Documents\Education\MAIA-Italia\AdvancedImageAnalysis\Projects\bin\Release\project2.exe
C:\Users\Admin\Documents\Education\MAIA-Italia\AdvancedImageAnalysis\Projects\bin\Release\project2.ilk
