C:\USERS\ADMIN\DOCUMENTS\EDUCATION\MAIA-ITALIA\ADVANCEDIMAGEANALYSIS\PROJECTS\UTILS\UCAS\UCASUTILS.DIR\RELEASE\UCASMULTITHREADING.OBJ
C:\USERS\ADMIN\DOCUMENTS\EDUCATION\MAIA-ITALIA\ADVANCEDIMAGEANALYSIS\PROJECTS\UTILS\UCAS\UCASUTILS.DIR\RELEASE\UCASIMAGEUTILS.OBJ
C:\USERS\ADMIN\DOCUMENTS\EDUCATION\MAIA-ITALIA\ADVANCEDIMAGEANALYSIS\PROJECTS\UTILS\UCAS\UCASUTILS.DIR\RELEASE\UCASCONFIG.OBJ
C:\USERS\ADMIN\DOCUMENTS\EDUCATION\MAIA-ITALIA\ADVANCEDIMAGEANALYSIS\PROJECTS\UTILS\UCAS\UCASUTILS.DIR\RELEASE\UCASBREASTUTILS.OBJ
C:\USERS\ADMIN\DOCUMENTS\EDUCATION\MAIA-ITALIA\ADVANCEDIMAGEANALYSIS\PROJECTS\UTILS\UCAS\CMAKEFILES\GENERATE.STAMP
C:\USERS\ADMIN\DOCUMENTS\EDUCATION\MAIA-ITALIA\ADVANCEDIMAGEANALYSIS\PROJECTS\LIBS\RELEASE\UCASUTILS.LIB
C:\Users\Admin\Documents\Education\MAIA-Italia\AdvancedImageAnalysis\Projects\utils\ucas\ucasUtils.dir\Release\ucasBreastUtils.obj
C:\Users\Admin\Documents\Education\MAIA-Italia\AdvancedImageAnalysis\Projects\utils\ucas\ucasUtils.dir\Release\ucasConfig.obj
C:\Users\Admin\Documents\Education\MAIA-Italia\AdvancedImageAnalysis\Projects\utils\ucas\ucasUtils.dir\Release\ucasImageUtils.obj
C:\Users\Admin\Documents\Education\MAIA-Italia\AdvancedImageAnalysis\Projects\utils\ucas\ucasUtils.dir\Release\ucasMultithreading.obj
C:\Users\Admin\Documents\Education\MAIA-Italia\AdvancedImageAnalysis\Projects\utils\ucas\ucasUtils.dir\Release\cl.command.1.tlog
C:\Users\Admin\Documents\Education\MAIA-Italia\AdvancedImageAnalysis\Projects\utils\ucas\ucasUtils.dir\Release\CL.read.1.tlog
C:\Users\Admin\Documents\Education\MAIA-Italia\AdvancedImageAnalysis\Projects\utils\ucas\ucasUtils.dir\Release\CL.write.1.tlog
C:\Users\Admin\Documents\Education\MAIA-Italia\AdvancedImageAnalysis\Projects\utils\ucas\ucasUtils.dir\Release\custombuild.command.1.tlog
C:\Users\Admin\Documents\Education\MAIA-Italia\AdvancedImageAnalysis\Projects\utils\ucas\ucasUtils.dir\Release\custombuild.read.1.tlog
C:\Users\Admin\Documents\Education\MAIA-Italia\AdvancedImageAnalysis\Projects\utils\ucas\ucasUtils.dir\Release\custombuild.write.1.tlog
C:\Users\Admin\Documents\Education\MAIA-Italia\AdvancedImageAnalysis\Projects\utils\ucas\ucasUtils.dir\Release\Lib-link.read.1.tlog
C:\Users\Admin\Documents\Education\MAIA-Italia\AdvancedImageAnalysis\Projects\utils\ucas\ucasUtils.dir\Release\Lib-link.write.1.tlog
C:\Users\Admin\Documents\Education\MAIA-Italia\AdvancedImageAnalysis\Projects\utils\ucas\ucasUtils.dir\Release\lib.command.1.tlog
C:\Users\Admin\Documents\Education\MAIA-Italia\AdvancedImageAnalysis\Projects\libs\Release\ucasUtils.lib
